[GIN-debug] [WARNING] Running in "debug" mode. Switch to "release" mode in production.
 - using env:	export GIN_MODE=release
 - using code:	gin.SetMode(gin.ReleaseMode)

[GIN-debug] GET    /css/*filepath            --> github.com/gin-gonic/gin.(*RouterGroup).createStaticHandler.func1 (3 handlers)
[GIN-debug] HEAD   /css/*filepath            --> github.com/gin-gonic/gin.(*RouterGroup).createStaticHandler.func1 (3 handlers)
[GIN-debug] Loaded HTML Templates (4): 
	- index.html
	- 
	- footer.html
	- header.html

[GIN-debug] POST   /login                    --> main.main.func1 (3 handlers)
[GIN-debug] GET    /api/videos               --> main.main.func2 (3 handlers)
[GIN-debug] POST   /api/videos               --> main.main.func3 (3 handlers)
[GIN-debug] PUT    /api/videos/:id           --> main.main.func4 (3 handlers)
[GIN-debug] DELETE /api/videos/:id           --> main.main.func5 (3 handlers)
[GIN-debug] GET    /view/videos              --> gitlab.com/pragmaticreviews/golang-gin-poc/controller.VideoController.ShowAll-fm (3 handlers)
[GIN-debug] GET    /swagger/*any             --> github.com/swaggo/gin-swagger.CustomWrapHandler.func1 (3 handlers)
[GIN-debug] Listening and serving HTTP on :8080
[GIN] 2021/01/19 - 10:22:26 | 404 |            0s |             ::1 | GET      "/swagger/videos"
[GIN] 2021/01/19 - 10:22:46 | 200 |      1.0221ms |             ::1 | GET      "/swagger/index.html"
[GIN] 2021/01/19 - 10:22:46 | 200 |       999.5µs |             ::1 | GET      "/swagger/swagger-ui.css"
[GIN] 2021/01/19 - 10:22:46 | 200 |     21.0156ms |             ::1 | GET      "/swagger/swagger-ui-standalone-preset.js"
[GIN] 2021/01/19 - 10:22:46 | 200 |    168.9767ms |             ::1 | GET      "/swagger/swagger-ui-bundle.js"
[GIN] 2021/01/19 - 10:22:47 | 200 |      3.9942ms |             ::1 | GET      "/swagger/doc.json"
[GIN] 2021/01/19 - 10:22:48 | 200 |    364.9936ms |             ::1 | GET      "/swagger/favicon-32x32.png"
